[25-Oct-2022 07:05:20 UTC] PHP Warning:  An unexpected error occurred. Something may be wrong with WordPress.org or this server&#8217;s configuration. If you continue to have problems, please try the <a href="https://wordpress.org/support/forums/">support forums</a>. (WordPress could not establish a secure connection to WordPress.org. Please contact your server administrator.) in C:\Users\user\Local Sites\school-app\app\public\wp-admin\includes\translation-install.php on line 68
[25-Oct-2022 07:05:20 UTC] PHP Stack trace:
[25-Oct-2022 07:05:20 UTC] PHP   1. {main}() C:\Users\user\Local Sites\school-app\app\public\wp-admin\options-general.php:0
[25-Oct-2022 07:05:20 UTC] PHP   2. wp_get_available_translations() C:\Users\user\Local Sites\school-app\app\public\wp-admin\options-general.php:160
[25-Oct-2022 07:05:20 UTC] PHP   3. translations_api() C:\Users\user\Local Sites\school-app\app\public\wp-admin\includes\translation-install.php:133
[25-Oct-2022 07:05:20 UTC] PHP   4. trigger_error() C:\Users\user\Local Sites\school-app\app\public\wp-admin\includes\translation-install.php:68
[25-Oct-2022 07:05:21 UTC] PHP Warning:  An unexpected error occurred. Something may be wrong with WordPress.org or this server&#8217;s configuration. If you continue to have problems, please try the <a href="https://wordpress.org/support/forums/">support forums</a>. (WordPress could not establish a secure connection to WordPress.org. Please contact your server administrator.) in C:\Users\user\Local Sites\school-app\app\public\wp-admin\includes\translation-install.php on line 68
[25-Oct-2022 07:05:21 UTC] PHP Stack trace:
[25-Oct-2022 07:05:21 UTC] PHP   1. {main}() C:\Users\user\Local Sites\school-app\app\public\wp-admin\options-general.php:0
[25-Oct-2022 07:05:21 UTC] PHP   2. wp_get_available_translations() C:\Users\user\Local Sites\school-app\app\public\wp-admin\options-general.php:160
[25-Oct-2022 07:05:21 UTC] PHP   3. translations_api() C:\Users\user\Local Sites\school-app\app\public\wp-admin\includes\translation-install.php:133
[25-Oct-2022 07:05:21 UTC] PHP   4. trigger_error() C:\Users\user\Local Sites\school-app\app\public\wp-admin\includes\translation-install.php:68
[26-Oct-2022 04:04:54 UTC] PHP Parse error:  syntax error, unexpected '}', expecting ';' or ',' in C:\Users\user\Local Sites\school-app\app\public\wp-content\themes\college-theme\index.php on line 6
[26-Oct-2022 04:41:41 UTC] PHP Fatal error:  Uncaught Error: Function name must be a string in C:\Users\user\Local Sites\school-app\app\public\wp-content\themes\college-theme\index.php:4
Stack trace:
#0 C:\Users\user\Local Sites\school-app\app\public\wp-includes\template-loader.php(106): include()
#1 C:\Users\user\Local Sites\school-app\app\public\wp-blog-header.php(19): require_once('C:\\Users\\user\\L...')
#2 C:\Users\user\Local Sites\school-app\app\public\index.php(17): require('C:\\Users\\user\\L...')
#3 {main}
  thrown in C:\Users\user\Local Sites\school-app\app\public\wp-content\themes\college-theme\index.php on line 4
[26-Oct-2022 04:49:20 UTC] PHP Parse error:  syntax error, unexpected end of file in C:\Users\user\Local Sites\school-app\app\public\wp-content\themes\college-theme\index.php on line 8
[26-Oct-2022 05:15:51 UTC] PHP Parse error:  syntax error, unexpected '}' in C:\Users\user\Local Sites\school-app\app\public\wp-content\themes\college-theme\functions.php on line 4
[26-Oct-2022 05:15:51 UTC] PHP Parse error:  syntax error, unexpected '}' in C:\Users\user\Local Sites\school-app\app\public\wp-content\themes\college-theme\functions.php on line 4
[26-Oct-2022 06:30:54 UTC] PHP Parse error:  syntax error, unexpected ''1.0'' (T_CONSTANT_ENCAPSED_STRING), expecting ')' in C:\Users\user\Local Sites\school-app\app\public\wp-content\themes\college-theme\functions.php on line 4
[26-Oct-2022 06:30:55 UTC] PHP Parse error:  syntax error, unexpected ''1.0'' (T_CONSTANT_ENCAPSED_STRING), expecting ')' in C:\Users\user\Local Sites\school-app\app\public\wp-content\themes\college-theme\functions.php on line 4
[26-Oct-2022 14:45:14 UTC] PHP Parse error:  syntax error, unexpected 'echo' (T_ECHO), expecting ';' or ',' in C:\Users\user\Local Sites\school-app\app\public\wp-content\themes\college-theme\page.php on line 20
[26-Oct-2022 14:45:16 UTC] PHP Parse error:  syntax error, unexpected 'echo' (T_ECHO), expecting ';' or ',' in C:\Users\user\Local Sites\school-app\app\public\wp-content\themes\college-theme\page.php on line 20
